<?xml version="1.0" encoding="UTF-8"?>
<!-- Generated by org.testng.reporters.JUnitReportReporter -->
<testsuite hostname="Sammy" failures="0" tests="1" name="org.example.annotationPractise.testngMethodOrders.TestMethodClass" time="0.004" errors="0" timestamp="2025-06-16T23:16:32 IST" skipped="0">
  <testcase classname="org.example.annotationPractise.testngMethodOrders.TestMethodClass" name="test" time="0.004"/>
</testsuite> <!-- org.example.annotationPractise.testngMethodOrders.TestMethodClass -->
