<?xml version="1.0" encoding="UTF-8"?>
<!-- Generated by org.testng.reporters.JUnitReportReporter -->
<testsuite hostname="Sammy" failures="0" tests="5" name="org.example.listner.DataProviderPractise" time="34.869" errors="0" timestamp="2025-06-15T18:53:29 IST" skipped="1">
  <testcase classname="org.example.listner.DataProviderPractise" name="test2" time="8.471"/>
  <testcase classname="org.example.listner.DataProviderPractise" name="test2" time="8.871"/>
  <testcase classname="org.example.listner.DataProviderPractise" name="test2" time="7.407"/>
  <testcase classname="org.example.listner.DataProviderPractise" name="test2" time="10.120"/>
  <testcase classname="org.example.listner.DataProviderPractise" name="test">
    <skipped/>
  </testcase> <!-- test -->
</testsuite> <!-- org.example.listner.DataProviderPractise -->
